Using pre-set license
Built from '2020.3/staging' branch; Version is '2020.3.0f1 (c7b5465681fb) revision 13088070'; Using compiler version '192528614'; Build Type 'Release'
OS: 'Windows 10 Home Single Language; OS build 19044.1526; Version 2009; 64bit' Language: 'en' Physical Memory: 4008 MB
BatchMode: 1, IsHumanControllingUs: 0, StartBugReporterOnCrash: 0, Is64bit: 1, IsPro: 0

 COMMAND LINE ARGUMENTS:
C:\UnityKayit\2020.3.0f1\Editor\Unity.exe
-adb2
-batchMode
-noUpm
-name
AssetImportWorker2
-projectPath
C:/Users/kisin/Unity_oyunlar/BTO
-logFile
Logs/AssetImportWorker2.log
-srvPort
56982
Successfully changed project path to: C:/Users/kisin/Unity_oyunlar/BTO
C:/Users/kisin/Unity_oyunlar/BTO
Using Asset Import Pipeline V2.
Refreshing native plugins compatible for Editor in 68.39 ms, found 1 plugins.
Preloading 0 native plugins for Editor in 0.00 ms.
Initialize engine version: 2020.3.0f1 (c7b5465681fb)
[Subsystems] Discovering subsystems at path C:/UnityKayit/2020.3.0f1/Editor/Data/Resources/UnitySubsystems
[Subsystems] Discovering subsystems at path C:/Users/kisin/Unity_oyunlar/BTO/Assets
GfxDevice: creating device client; threaded=0
Direct3D:
    Version:  Direct3D 11.0 [level 11.1]
    Renderer: Intel(R) HD Graphics 5500 (ID=0x1616)
    Vendor:   
    VRAM:     2004 MB
    Driver:   20.19.15.5070
Initialize mono
Mono path[0] = 'C:/UnityKayit/2020.3.0f1/Editor/Data/Managed'
Mono path[1] = 'C:/UnityKayit/2020.3.0f1/Editor/Data/MonoBleedingEdge/lib/mono/unityjit'
Mono config path = 'C:/UnityKayit/2020.3.0f1/Editor/Data/MonoBleedingEdge/etc'
Using monoOptions --debugger-agent=transport=dt_socket,embedding=1,server=y,suspend=n,address=127.0.0.1:56552
Begin MonoManager ReloadAssembly
Registering precompiled unity dll's ...
Register platform support module: C:/UnityKayit/2020.3.0f1/Editor/Data/PlaybackEngines/WindowsStandaloneSupport/UnityEditor.WindowsStandalone.Extensions.dll
Registered in 0.004923 seconds.
Native extension for WindowsStandalone target not found
Refreshing native plugins compatible for Editor in 91.01 ms, found 1 plugins.
Preloading 0 native plugins for Editor in 0.00 ms.
Invoked RoslynAnalysisRunner static constructor.
RoslynAnalysisRunner will not be running.
RoslynAnalysisRunner has terminated.
Mono: successfully reloaded assembly
- Completed reload, in  3.991 seconds
Platform modules already initialized, skipping
Registering precompiled user dll's ...
Registered in 0.001849 seconds.
Begin MonoManager ReloadAssembly
Native extension for WindowsStandalone target not found
Refreshing native plugins compatible for Editor in 78.38 ms, found 1 plugins.
Preloading 0 native plugins for Editor in 0.00 ms.
Invoked RoslynAnalysisRunner static constructor.
RoslynAnalysisRunner will not be running.
RoslynAnalysisRunner has terminated.
Mono: successfully reloaded assembly
- Completed reload, in  2.734 seconds
Platform modules already initialized, skipping
========================================================================
Worker process is ready to serve import requests
Launched and connected shader compiler UnityShaderCompiler.exe after 0.22 seconds
Refreshing native plugins compatible for Editor in 0.84 ms, found 1 plugins.
Preloading 0 native plugins for Editor in 0.00 ms.
Unloading 1810 Unused Serialized files (Serialized files now loaded: 0)
System memory in use before: 84.8 MB.
System memory in use after: 84.7 MB.

Unloading 24 unused Assets to reduce memory usage. Loaded Objects now: 2254.
Total: 3.286200 ms (FindLiveObjects: 0.282700 ms CreateObjectMapping: 0.094300 ms MarkObjects: 2.711700 ms  DeleteObjects: 0.195800 ms)

========================================================================
Received Import Request.
  path: Assets/Picture/RedB.png
  artifactKey: Guid(f7903cebe0c73114b9a1f5c1e648b104) Importer(815301076,1909f56bfc062723c751e8b465ee728b)
Start importing Assets/Picture/RedB.png using Guid(f7903cebe0c73114b9a1f5c1e648b104) Importer(815301076,1909f56bfc062723c751e8b465ee728b)  -> (artifact id: 'd336bfd3f3ca2cad8c48977886db2b09') in 0.243983 seconds
  Import took 0.250770 seconds .

========================================================================
Received Prepare
Refreshing native plugins compatible for Editor in 8.35 ms, found 1 plugins.
Preloading 0 native plugins for Editor in 0.00 ms.
Unloading 10 Unused Serialized files (Serialized files now loaded: 0)
System memory in use before: 52.3 MB.
System memory in use after: 52.3 MB.

Unloading 10 unused Assets to reduce memory usage. Loaded Objects now: 2260.
Total: 5.638900 ms (FindLiveObjects: 0.385000 ms CreateObjectMapping: 0.140900 ms MarkObjects: 4.877700 ms  DeleteObjects: 0.232900 ms)

AssetImportWorkerClient::OnTransportError - code=2 error=End of file
